<?xml version="1.0" encoding="UTF-8"?>
<!-- Generated by org.testng.reporters.JUnitReportReporter -->
<testsuite hostname="Sneha-Rajkumar-Swamis-MacBook-Pro.local" failures="0" tests="1" name="ExtentReportListner.ExtentReportNew" time="0.012" errors="0" timestamp="2022-05-16T16:09:23 IST" skipped="0">
  <testcase classname="ExtentReportListner.ExtentReportNew" name="test1" time="0.012"/>
  <system-out/>
</testsuite> <!-- ExtentReportListner.ExtentReportNew -->
