<?xml version="1.0" encoding="UTF-8"?>
<!-- Generated by org.testng.reporters.JUnitReportReporter -->
<testsuite hostname="Sneha-Rajkumar-Swamis-MacBook-Pro.local" failures="0" tests="1" name="Blobit_DDF.Blobit.HomeTest" time="3.974" errors="0" timestamp="2022-05-13T14:22:24 IST" skipped="0">
  <testcase classname="Blobit_DDF.Blobit.HomeTest" name="loginTest" time="3.974"/>
  <system-out/>
</testsuite> <!-- Blobit_DDF.Blobit.HomeTest -->
